<?xml version="1.0" encoding="UTF-8"?>
<testsuite name="MyListTest" tests="1" skipped="0" failures="0" errors="0" timestamp="2019-08-15T14:07:25" hostname="DESKTOP-ACN85AT" time="0.003">
  <properties/>
  <testcase name="testMyListRemoveObject" classname="MyListTest" time="0.003"/>
  <system-out><![CDATA[a
b
c
]]></system-out>
  <system-err><![CDATA[]]></system-err>
</testsuite>
